############################################################## www.oofem.org ###
       ####    ####   ######  ######  #    #
     #    #  #    #  #       #       ##  ##
    #    #  #    #  #####   #####   # ## #
   #    #  #    #  #       #       #    #
  #    #  #    #  #       #       #    #   OOFEM ver. 2.5
  ####    ####   #       ######  #    #    Copyright (C) 1994-2017 Borek Patzak
################################################################################


Starting analysis on: Sun May 23 18:37:08 2021

Homework www sm40 no. 1

==============================================================
Output for time 1.00000000e+00 
==============================================================
Output for domain   1


DofManager output:
------------------
Node           1 (       1):
  dof 1   d -1.37172495e-03
  dof 3   d  0.00000000e+00
  dof 5   d -2.38787802e-05
Node           2 (       2):
  dof 1   d -1.37172495e-03
  dof 3   d  2.03123137e-14
  dof 5   d -1.01549259e-06
Node           3 (       3):
  dof 1   d -1.37172495e-03
  dof 3   d  4.20823351e-05
  dof 5   d  0.00000000e+00
Node           4 (       4):
  dof 1   d -1.75286359e-03
  dof 3   d  5.50267187e-04
  dof 5   d  1.05205838e-05
Node           5 (       5):
  dof 1   d -1.34016320e-03
  dof 3   d  0.00000000e+00
  dof 5   d  4.07440098e-04
Node           6 (       6):
  dof 1   d  0.00000000e+00
  dof 3   d  0.00000000e+00
  dof 5   d -0.00000000e+00




Element output:
---------------
beam element 1 (       1) :
  local displacements  -1.3717e-03 0.0000e+00 -2.3879e-05 -1.3717e-03 2.0312e-14 -1.0155e-06
  local end forces     0.0000e+00 -8.9375e+00 0.0000e+00 0.0000e+00 -1.5062e+01 -7.3499e+00
  GP  1.1  :  strains  0.0000e+00 0.0000e+00 0.0000e+00 3.6323e-05 0.0000e+00 0.0000e+00 -2.4500e-33 0.0000e+00
              stresses 0.0000e+00 0.0000e+00 0.0000e+00 4.2897e+00 0.0000e+00 0.0000e+00 -3.0625e+00 0.0000e+00
  GP  1.2  :  strains  0.0000e+00 0.0000e+00 0.0000e+00 2.0106e-05 0.0000e+00 0.0000e+00 -2.4500e-33 0.0000e+00
              stresses 0.0000e+00 0.0000e+00 0.0000e+00 2.3745e+00 0.0000e+00 0.0000e+00 -3.0625e+00 0.0000e+00
  GP  1.3  :  strains  0.0000e+00 0.0000e+00 0.0000e+00 -1.0531e-06 0.0000e+00 0.0000e+00 -2.4500e-33 0.0000e+00
              stresses 0.0000e+00 0.0000e+00 0.0000e+00 -1.2437e-01 0.0000e+00 0.0000e+00 -3.0625e+00 0.0000e+00
  GP  1.4  :  strains  0.0000e+00 0.0000e+00 0.0000e+00 -1.7270e-05 0.0000e+00 0.0000e+00 -2.4500e-33 0.0000e+00
              stresses 0.0000e+00 0.0000e+00 0.0000e+00 -2.0396e+00 0.0000e+00 0.0000e+00 -3.0625e+00 0.0000e+00
beam element 2 (       2) :
  local displacements  -1.3717e-03 2.0312e-14 -1.0155e-06 -1.3717e-03 4.2082e-05 -4.4580e-05
  local end forces     1.8000e+01 -5.2499e+00 7.3499e+00 -1.8000e+01 5.2499e+00 -2.7756e-15
  GP  1.1  :  strains  -6.0000e-15 0.0000e+00 0.0000e+00 -5.7915e-05 0.0000e+00 0.0000e+00 4.1999e-33 0.0000e+00
              stresses -1.8000e+01 0.0000e+00 0.0000e+00 -6.8396e+00 0.0000e+00 0.0000e+00 5.2499e+00 0.0000e+00
  GP  1.2  :  strains  -6.0000e-15 0.0000e+00 0.0000e+00 -4.1697e-05 0.0000e+00 0.0000e+00 4.1999e-33 0.0000e+00
              stresses -1.8000e+01 0.0000e+00 0.0000e+00 -4.9244e+00 0.0000e+00 0.0000e+00 5.2499e+00 0.0000e+00
  GP  1.3  :  strains  -6.0000e-15 0.0000e+00 0.0000e+00 -2.0538e-05 0.0000e+00 0.0000e+00 4.1999e-33 0.0000e+00
              stresses -1.8000e+01 0.0000e+00 0.0000e+00 -2.4255e+00 0.0000e+00 0.0000e+00 5.2499e+00 0.0000e+00
  GP  1.4  :  strains  -6.0000e-15 0.0000e+00 0.0000e+00 -4.3211e-06 0.0000e+00 0.0000e+00 4.1999e-33 0.0000e+00
              stresses -1.8000e+01 0.0000e+00 0.0000e+00 -5.1032e-01 0.0000e+00 0.0000e+00 5.2499e+00 0.0000e+00
beam element 3 (       3) :
  local displacements  -1.0721e-03 8.5670e-04 -3.8640e-04 -1.0721e-03 1.4919e-03 1.0521e-05
  local end forces     1.1250e+01 -1.5000e+01 -1.0658e-14 -1.1250e+01 1.5000e+01 3.7500e+01
  GP  1.1  :  strains  -3.7500e-15 0.0000e+00 0.0000e+00 2.2047e-05 0.0000e+00 0.0000e+00 1.2000e-32 0.0000e+00
              stresses -1.1250e+01 0.0000e+00 0.0000e+00 2.6037e+00 0.0000e+00 0.0000e+00 1.5000e+01 0.0000e+00
  GP  1.2  :  strains  -3.7500e-15 0.0000e+00 0.0000e+00 1.0479e-04 0.0000e+00 0.0000e+00 1.2000e-32 0.0000e+00
              stresses -1.1250e+01 0.0000e+00 0.0000e+00 1.2375e+01 0.0000e+00 0.0000e+00 1.5000e+01 0.0000e+00
  GP  1.3  :  strains  -3.7500e-15 0.0000e+00 0.0000e+00 2.1275e-04 0.0000e+00 0.0000e+00 1.2000e-32 0.0000e+00
              stresses -1.1250e+01 0.0000e+00 0.0000e+00 2.5125e+01 0.0000e+00 0.0000e+00 1.5000e+01 0.0000e+00
  GP  1.4  :  strains  -3.7500e-15 0.0000e+00 0.0000e+00 2.9549e-04 0.0000e+00 0.0000e+00 1.2000e-32 0.0000e+00
              stresses -1.1250e+01 0.0000e+00 0.0000e+00 3.4897e+01 0.0000e+00 0.0000e+00 1.5000e+01 0.0000e+00
beam element 4 (       4) :
  local displacements  -1.0721e-03 1.4919e-03 1.0521e-05 -1.0721e-03 8.0410e-04 4.0744e-04
  local end forces     1.1250e+01 1.5000e+01 -3.7500e+01 -1.1250e+01 -1.5000e+01 -2.0428e-14
  GP  1.1  :  strains  -3.7500e-15 0.0000e+00 0.0000e+00 2.9549e-04 0.0000e+00 0.0000e+00 -1.2000e-32 0.0000e+00
              stresses -1.1250e+01 0.0000e+00 0.0000e+00 3.4897e+01 0.0000e+00 0.0000e+00 -1.5000e+01 0.0000e+00
  GP  1.2  :  strains  -3.7500e-15 0.0000e+00 0.0000e+00 2.1275e-04 0.0000e+00 0.0000e+00 -1.2000e-32 0.0000e+00
              stresses -1.1250e+01 0.0000e+00 0.0000e+00 2.5125e+01 0.0000e+00 0.0000e+00 -1.5000e+01 0.0000e+00
  GP  1.3  :  strains  -3.7500e-15 0.0000e+00 0.0000e+00 1.0479e-04 0.0000e+00 0.0000e+00 -1.2000e-32 0.0000e+00
              stresses -1.1250e+01 0.0000e+00 0.0000e+00 1.2375e+01 0.0000e+00 0.0000e+00 -1.5000e+01 0.0000e+00
  GP  1.4  :  strains  -3.7500e-15 0.0000e+00 0.0000e+00 2.2047e-05 0.0000e+00 0.0000e+00 -1.2000e-32 0.0000e+00
              stresses -1.1250e+01 0.0000e+00 0.0000e+00 2.6037e+00 0.0000e+00 0.0000e+00 -1.5000e+01 0.0000e+00
beam element 5 (       5) :
  local displacements  0.0000e+00 0.0000e+00 0.0000e+00 -2.0312e-14 -1.3717e-03 6.8586e-04
  local end forces     2.0312e+01 1.8000e+01 -5.3999e+01 -2.0312e+01 -1.8000e+01 -8.8818e-15
  GP  1.1  :  strains  -6.7708e-15 0.0000e+00 0.0000e+00 4.2549e-04 0.0000e+00 0.0000e+00 -1.4400e-32 0.0000e+00
              stresses -2.0312e+01 0.0000e+00 0.0000e+00 5.0250e+01 0.0000e+00 0.0000e+00 -1.8000e+01 0.0000e+00
  GP  1.2  :  strains  -6.7708e-15 0.0000e+00 0.0000e+00 3.0635e-04 0.0000e+00 0.0000e+00 -1.4400e-32 0.0000e+00
              stresses -2.0312e+01 0.0000e+00 0.0000e+00 3.6179e+01 0.0000e+00 0.0000e+00 -1.8000e+01 0.0000e+00
  GP  1.3  :  strains  -6.7708e-15 0.0000e+00 0.0000e+00 1.5089e-04 0.0000e+00 0.0000e+00 -1.4400e-32 0.0000e+00
              stresses -2.0312e+01 0.0000e+00 0.0000e+00 1.7820e+01 0.0000e+00 0.0000e+00 -1.8000e+01 0.0000e+00
  GP  1.4  :  strains  -6.7708e-15 0.0000e+00 0.0000e+00 3.1747e-05 0.0000e+00 0.0000e+00 -1.4400e-32 0.0000e+00
              stresses -2.0312e+01 0.0000e+00 0.0000e+00 3.7493e+00 0.0000e+00 0.0000e+00 -1.8000e+01 0.0000e+00




	R E A C T I O N S  O U T P U T:
	_______________________________


	Node        1 iDof  3 reaction -8.9375e+00    [bc-id: 1]
	Node        3 iDof  5 reaction  0.0000e+00    [bc-id: 2]
	Node        5 iDof  3 reaction -1.8750e+01    [bc-id: 1]
	Node        6 iDof  1 reaction  1.8000e+01    [bc-id: 3]
	Node        6 iDof  3 reaction -2.0312e+01    [bc-id: 3]
	Node        6 iDof  5 reaction -5.3999e+01    [bc-id: 3]

User time consumed by solution step 1: 0.000 [s]


==============================================================
Output for time 2.00000000e+00 
==============================================================
Output for domain   1


DofManager output:
------------------
Node           1 (       1):
  dof 1   d  1.79999997e-05
  dof 3   d  0.00000000e+00
  dof 5   d  7.37256733e-16
Node           2 (       2):
  dof 1   d  1.79999997e-05
  dof 3   d  1.10242828e-21
  dof 5   d -1.47451484e-15
Node           3 (       3):
  dof 1   d  1.79999997e-05
  dof 3   d  3.26850863e-15
  dof 5   d  0.00000000e+00
Node           4 (       4):
  dof 1   d  1.79999997e-05
  dof 3   d -1.03007701e-14
  dof 5   d  8.17127187e-16
Node           5 (       5):
  dof 1   d  1.79999997e-05
  dof 3   d  0.00000000e+00
  dof 5   d -8.13414227e-15
Node           6 (       6):
  dof 1   d  0.00000000e+00
  dof 3   d  0.00000000e+00
  dof 5   d -6.00000000e-06




Element output:
---------------
beam element 1 (       1) :
  local displacements  1.8000e-05 0.0000e+00 7.3726e-16 1.8000e-05 1.1024e-21 -1.4745e-15
  local end forces     0.0000e+00 9.0696e-11 5.4956e-21 0.0000e+00 -9.0696e-11 -2.1767e-10
  GP  1.1  :  strains  0.0000e+00 0.0000e+00 0.0000e+00 -1.2797e-16 0.0000e+00 0.0000e+00 -7.2557e-44 0.0000e+00
              stresses 0.0000e+00 0.0000e+00 0.0000e+00 -1.5113e-11 0.0000e+00 0.0000e+00 -9.0696e-11 0.0000e+00
  GP  1.2  :  strains  0.0000e+00 0.0000e+00 0.0000e+00 -6.0825e-16 0.0000e+00 0.0000e+00 -7.2557e-44 0.0000e+00
              stresses 0.0000e+00 0.0000e+00 0.0000e+00 -7.1834e-11 0.0000e+00 0.0000e+00 -9.0696e-11 0.0000e+00
  GP  1.3  :  strains  0.0000e+00 0.0000e+00 0.0000e+00 -1.2349e-15 0.0000e+00 0.0000e+00 -7.2557e-44 0.0000e+00
              stresses 0.0000e+00 0.0000e+00 0.0000e+00 -1.4584e-10 0.0000e+00 0.0000e+00 -9.0696e-11 0.0000e+00
  GP  1.4  :  strains  0.0000e+00 0.0000e+00 0.0000e+00 -1.7152e-15 0.0000e+00 0.0000e+00 -7.2557e-44 0.0000e+00
              stresses 0.0000e+00 0.0000e+00 0.0000e+00 -2.0256e-10 0.0000e+00 0.0000e+00 -9.0696e-11 0.0000e+00
beam element 2 (       2) :
  local displacements  1.8000e-05 1.1024e-21 -1.4745e-15 1.8000e-05 3.2685e-15 -2.7647e-15
  local end forces     1.0164e-05 -1.5548e-10 2.1767e-10 -1.0164e-05 1.5548e-10 -3.8579e-20
  GP  1.1  :  strains  -3.3881e-21 0.0000e+00 0.0000e+00 -1.7152e-15 0.0000e+00 0.0000e+00 1.2438e-43 0.0000e+00
              stresses -1.0164e-05 0.0000e+00 0.0000e+00 -2.0256e-10 0.0000e+00 0.0000e+00 1.5548e-10 0.0000e+00
  GP  1.2  :  strains  -3.3881e-21 0.0000e+00 0.0000e+00 -1.2349e-15 0.0000e+00 0.0000e+00 1.2438e-43 0.0000e+00
              stresses -1.0164e-05 0.0000e+00 0.0000e+00 -1.4584e-10 0.0000e+00 0.0000e+00 1.5548e-10 0.0000e+00
  GP  1.3  :  strains  -3.3881e-21 0.0000e+00 0.0000e+00 -6.0825e-16 0.0000e+00 0.0000e+00 1.2438e-43 0.0000e+00
              stresses -1.0164e-05 0.0000e+00 0.0000e+00 -7.1834e-11 0.0000e+00 0.0000e+00 1.5548e-10 0.0000e+00
  GP  1.4  :  strains  -3.3881e-21 0.0000e+00 0.0000e+00 -1.2797e-16 0.0000e+00 0.0000e+00 1.2438e-43 0.0000e+00
              stresses -1.0164e-05 0.0000e+00 0.0000e+00 -1.5113e-11 0.0000e+00 0.0000e+00 1.5548e-10 0.0000e+00
beam element 3 (       3) :
  local displacements  1.4400e-05 -1.0800e-05 9.7684e-15 1.4400e-05 -1.0800e-05 8.1713e-16
  local end forces     0.0000e+00 3.3828e-10 4.4185e-17 0.0000e+00 -3.3828e-10 -8.4570e-10
  GP  1.1  :  strains  0.0000e+00 0.0000e+00 0.0000e+00 -4.9720e-16 0.0000e+00 0.0000e+00 -2.7062e-43 0.0000e+00
              stresses 0.0000e+00 0.0000e+00 0.0000e+00 -5.8719e-11 0.0000e+00 0.0000e+00 -3.3828e-10 0.0000e+00
  GP  1.2  :  strains  0.0000e+00 0.0000e+00 0.0000e+00 -2.3632e-15 0.0000e+00 0.0000e+00 -2.7062e-43 0.0000e+00
              stresses 0.0000e+00 0.0000e+00 0.0000e+00 -2.7909e-10 0.0000e+00 0.0000e+00 -3.3828e-10 0.0000e+00
  GP  1.3  :  strains  0.0000e+00 0.0000e+00 0.0000e+00 -4.7978e-15 0.0000e+00 0.0000e+00 -2.7062e-43 0.0000e+00
              stresses 0.0000e+00 0.0000e+00 0.0000e+00 -5.6661e-10 0.0000e+00 0.0000e+00 -3.3828e-10 0.0000e+00
  GP  1.4  :  strains  0.0000e+00 0.0000e+00 0.0000e+00 -6.6638e-15 0.0000e+00 0.0000e+00 -2.7062e-43 0.0000e+00
              stresses 0.0000e+00 0.0000e+00 0.0000e+00 -7.8698e-10 0.0000e+00 0.0000e+00 -3.3828e-10 0.0000e+00
beam element 4 (       4) :
  local displacements  1.4400e-05 -1.0800e-05 8.1713e-16 1.4400e-05 -1.0800e-05 -8.1341e-15
  local end forces     0.0000e+00 -3.3828e-10 8.4570e-10 0.0000e+00 3.3828e-10 -2.1492e-16
  GP  1.1  :  strains  0.0000e+00 0.0000e+00 0.0000e+00 -6.6638e-15 0.0000e+00 0.0000e+00 2.7062e-43 0.0000e+00
              stresses 0.0000e+00 0.0000e+00 0.0000e+00 -7.8698e-10 0.0000e+00 0.0000e+00 3.3828e-10 0.0000e+00
  GP  1.2  :  strains  0.0000e+00 0.0000e+00 0.0000e+00 -4.7978e-15 0.0000e+00 0.0000e+00 2.7062e-43 0.0000e+00
              stresses 0.0000e+00 0.0000e+00 0.0000e+00 -5.6661e-10 0.0000e+00 0.0000e+00 3.3828e-10 0.0000e+00
  GP  1.3  :  strains  0.0000e+00 0.0000e+00 0.0000e+00 -2.3632e-15 0.0000e+00 0.0000e+00 2.7062e-43 0.0000e+00
              stresses 0.0000e+00 0.0000e+00 0.0000e+00 -2.7909e-10 0.0000e+00 0.0000e+00 3.3828e-10 0.0000e+00
  GP  1.4  :  strains  0.0000e+00 0.0000e+00 0.0000e+00 -4.9720e-16 0.0000e+00 0.0000e+00 2.7062e-43 0.0000e+00
              stresses 0.0000e+00 0.0000e+00 0.0000e+00 -5.8719e-11 0.0000e+00 0.0000e+00 3.3828e-10 0.0000e+00
beam element 5 (       5) :
  local displacements  0.0000e+00 0.0000e+00 -6.0000e-06 -2.4618e-25 1.8000e-05 -6.0000e-06
  local end forces     2.4618e-10 4.2621e-09 -1.2786e-08 -2.4618e-10 -4.2621e-09 9.8658e-17
  GP  1.1  :  strains  -8.2059e-26 0.0000e+00 0.0000e+00 1.0075e-13 0.0000e+00 0.0000e+00 -3.4097e-42 0.0000e+00
              stresses -2.4618e-10 0.0000e+00 0.0000e+00 1.1898e-08 0.0000e+00 0.0000e+00 -4.2621e-09 0.0000e+00
  GP  1.2  :  strains  -8.2059e-26 0.0000e+00 0.0000e+00 7.2538e-14 0.0000e+00 0.0000e+00 -3.4097e-42 0.0000e+00
              stresses -2.4618e-10 0.0000e+00 0.0000e+00 8.5667e-09 0.0000e+00 0.0000e+00 -4.2621e-09 0.0000e+00
  GP  1.3  :  strains  -8.2059e-26 0.0000e+00 0.0000e+00 3.5729e-14 0.0000e+00 0.0000e+00 -3.4097e-42 0.0000e+00
              stresses -2.4618e-10 0.0000e+00 0.0000e+00 4.2196e-09 0.0000e+00 0.0000e+00 -4.2621e-09 0.0000e+00
  GP  1.4  :  strains  -8.2059e-26 0.0000e+00 0.0000e+00 7.5172e-15 0.0000e+00 0.0000e+00 -3.4097e-42 0.0000e+00
              stresses -2.4618e-10 0.0000e+00 0.0000e+00 8.8777e-10 0.0000e+00 0.0000e+00 -4.2621e-09 0.0000e+00




	R E A C T I O N S  O U T P U T:
	_______________________________


	Node        1 iDof  3 reaction  9.0696e-11    [bc-id: 1]
	Node        3 iDof  5 reaction  0.0000e+00    [bc-id: 2]
	Node        5 iDof  3 reaction  2.7062e-10    [bc-id: 1]
	Node        6 iDof  1 reaction  4.2621e-09    [bc-id: 3]
	Node        6 iDof  3 reaction -2.4618e-10    [bc-id: 3]
	Node        6 iDof  5 reaction -1.2786e-08    [bc-id: 3]

User time consumed by solution step 2: 0.000 [s]


==============================================================
Output for time 3.00000000e+00 
==============================================================
Output for domain   1


DofManager output:
------------------
Node           1 (       1):
  dof 1   d -8.63993904e-04
  dof 3   d  0.00000000e+00
  dof 5   d  5.33333619e-04
Node           2 (       2):
  dof 1   d  6.09559144e-09
  dof 3   d  9.54273733e-20
  dof 5   d -5.33333905e-04
Node           3 (       3):
  dof 1   d  5.04006096e-04
  dof 3   d  1.18222349e-03
  dof 5   d  0.00000000e+00
Node           4 (       4):
  dof 1   d  9.47341280e-04
  dof 3   d  5.91109910e-04
  dof 5   d  2.95555872e-04
Node           5 (       5):
  dof 1   d  1.39067371e-03
  dof 3   d  0.00000000e+00
  dof 5   d  2.95554496e-04
Node           6 (       6):
  dof 1   d  0.00000000e+00
  dof 3   d  0.00000000e+00
  dof 5   d -0.00000000e+00




Element output:
---------------
beam element 1 (       1) :
  local displacements  -8.6399e-04 0.0000e+00 5.3333e-04 6.0956e-09 9.5427e-20 -5.3333e-04
  local end forces     -1.6263e-04 3.5157e-05 -2.5817e-14 1.6263e-04 -3.5157e-05 -8.4378e-05
  GP  1.1  :  strains  3.6000e-04 0.0000e+00 0.0000e+00 -4.4444e-04 0.0000e+00 0.0000e+00 -2.8126e-38 0.0000e+00
              stresses 1.6263e-04 0.0000e+00 0.0000e+00 -5.8585e-06 0.0000e+00 0.0000e+00 -3.5157e-05 0.0000e+00
  GP  1.2  :  strains  3.6000e-04 0.0000e+00 0.0000e+00 -4.4444e-04 0.0000e+00 0.0000e+00 -2.8126e-38 0.0000e+00
              stresses 1.6263e-04 0.0000e+00 0.0000e+00 -2.7845e-05 0.0000e+00 0.0000e+00 -3.5157e-05 0.0000e+00
  GP  1.3  :  strains  3.6000e-04 0.0000e+00 0.0000e+00 -4.4444e-04 0.0000e+00 0.0000e+00 -2.8126e-38 0.0000e+00
              stresses 1.6263e-04 0.0000e+00 0.0000e+00 -5.6532e-05 0.0000e+00 0.0000e+00 -3.5157e-05 0.0000e+00
  GP  1.4  :  strains  3.6000e-04 0.0000e+00 0.0000e+00 -4.4445e-04 0.0000e+00 0.0000e+00 -2.8126e-38 0.0000e+00
              stresses 1.6263e-04 0.0000e+00 0.0000e+00 -7.8519e-05 0.0000e+00 0.0000e+00 -3.5157e-05 0.0000e+00
beam element 2 (       2) :
  local displacements  6.0956e-09 9.5427e-20 -5.3333e-04 5.0401e-04 1.1822e-03 -1.1556e-03
  local end forces     -1.6263e-04 -6.0270e-05 8.4378e-05 1.6263e-04 6.0270e-05 1.0915e-13
  GP  1.1  :  strains  3.6000e-04 0.0000e+00 0.0000e+00 -4.4445e-04 0.0000e+00 0.0000e+00 4.8216e-38 0.0000e+00
              stresses 1.6263e-04 0.0000e+00 0.0000e+00 -7.8519e-05 0.0000e+00 0.0000e+00 6.0270e-05 0.0000e+00
  GP  1.2  :  strains  3.6000e-04 0.0000e+00 0.0000e+00 -4.4444e-04 0.0000e+00 0.0000e+00 4.8216e-38 0.0000e+00
              stresses 1.6263e-04 0.0000e+00 0.0000e+00 -5.6532e-05 0.0000e+00 0.0000e+00 6.0270e-05 0.0000e+00
  GP  1.3  :  strains  3.6000e-04 0.0000e+00 0.0000e+00 -4.4444e-04 0.0000e+00 0.0000e+00 4.8216e-38 0.0000e+00
              stresses 1.6263e-04 0.0000e+00 0.0000e+00 -2.7845e-05 0.0000e+00 0.0000e+00 6.0270e-05 0.0000e+00
  GP  1.4  :  strains  3.6000e-04 0.0000e+00 0.0000e+00 -4.4444e-04 0.0000e+00 0.0000e+00 4.8216e-38 0.0000e+00
              stresses 1.6263e-04 0.0000e+00 0.0000e+00 -5.8585e-06 0.0000e+00 0.0000e+00 6.0270e-05 0.0000e+00
beam element 3 (       3) :
  local displacements  1.1125e-03 6.4338e-04 2.9556e-04 1.1125e-03 -9.5517e-05 2.9556e-04
  local end forces     -1.6263e-04 5.2002e-05 -5.4587e-15 1.6263e-04 -5.2002e-05 -1.3000e-04
  GP  1.1  :  strains  5.4210e-20 0.0000e+00 0.0000e+00 -7.6432e-11 0.0000e+00 0.0000e+00 -4.1602e-38 0.0000e+00
              stresses 1.6263e-04 0.0000e+00 0.0000e+00 -9.0265e-06 0.0000e+00 0.0000e+00 -5.2002e-05 0.0000e+00
  GP  1.2  :  strains  5.4210e-20 0.0000e+00 0.0000e+00 -3.6328e-10 0.0000e+00 0.0000e+00 -4.1602e-38 0.0000e+00
              stresses 1.6263e-04 0.0000e+00 0.0000e+00 -4.2903e-05 0.0000e+00 0.0000e+00 -5.2002e-05 0.0000e+00
  GP  1.3  :  strains  5.4210e-20 0.0000e+00 0.0000e+00 -7.3754e-10 0.0000e+00 0.0000e+00 -4.1602e-38 0.0000e+00
              stresses 1.6263e-04 0.0000e+00 0.0000e+00 -8.7102e-05 0.0000e+00 0.0000e+00 -5.2002e-05 0.0000e+00
  GP  1.4  :  strains  5.4210e-20 0.0000e+00 0.0000e+00 -1.0244e-09 0.0000e+00 0.0000e+00 -4.1602e-38 0.0000e+00
              stresses 1.6263e-04 0.0000e+00 0.0000e+00 -1.2098e-04 0.0000e+00 0.0000e+00 -5.2002e-05 0.0000e+00
beam element 4 (       4) :
  local displacements  1.1125e-03 -9.5517e-05 2.9556e-04 1.1125e-03 -8.3440e-04 2.9555e-04
  local end forces     0.0000e+00 -5.2002e-05 1.3000e-04 0.0000e+00 5.2002e-05 -2.2183e-14
  GP  1.1  :  strains  0.0000e+00 0.0000e+00 0.0000e+00 -1.0244e-09 0.0000e+00 0.0000e+00 4.1602e-38 0.0000e+00
              stresses 0.0000e+00 0.0000e+00 0.0000e+00 -1.2098e-04 0.0000e+00 0.0000e+00 5.2002e-05 0.0000e+00
  GP  1.2  :  strains  0.0000e+00 0.0000e+00 0.0000e+00 -7.3754e-10 0.0000e+00 0.0000e+00 4.1602e-38 0.0000e+00
              stresses 0.0000e+00 0.0000e+00 0.0000e+00 -8.7102e-05 0.0000e+00 0.0000e+00 5.2002e-05 0.0000e+00
  GP  1.3  :  strains  0.0000e+00 0.0000e+00 0.0000e+00 -3.6328e-10 0.0000e+00 0.0000e+00 4.1602e-38 0.0000e+00
              stresses 0.0000e+00 0.0000e+00 0.0000e+00 -4.2903e-05 0.0000e+00 0.0000e+00 5.2002e-05 0.0000e+00
  GP  1.4  :  strains  0.0000e+00 0.0000e+00 0.0000e+00 -7.6432e-11 0.0000e+00 0.0000e+00 4.1602e-38 0.0000e+00
              stresses 0.0000e+00 0.0000e+00 0.0000e+00 -9.0265e-06 0.0000e+00 0.0000e+00 5.2002e-05 0.0000e+00
beam element 5 (       5) :
  local displacements  0.0000e+00 0.0000e+00 0.0000e+00 -9.5427e-20 6.0956e-09 -3.0478e-09
  local end forces     9.5427e-05 -7.9986e-05 2.3996e-04 -9.5427e-05 7.9986e-05 -5.7893e-14
  GP  1.1  :  strains  -3.1809e-20 0.0000e+00 0.0000e+00 -1.8908e-09 0.0000e+00 0.0000e+00 6.3989e-38 0.0000e+00
              stresses -9.5427e-05 0.0000e+00 0.0000e+00 -2.2330e-04 0.0000e+00 0.0000e+00 7.9986e-05 0.0000e+00
  GP  1.2  :  strains  -3.1809e-20 0.0000e+00 0.0000e+00 -1.3613e-09 0.0000e+00 0.0000e+00 6.3989e-38 0.0000e+00
              stresses -9.5427e-05 0.0000e+00 0.0000e+00 -1.6077e-04 0.0000e+00 0.0000e+00 7.9986e-05 0.0000e+00
  GP  1.3  :  strains  -3.1809e-20 0.0000e+00 0.0000e+00 -6.7053e-10 0.0000e+00 0.0000e+00 6.3989e-38 0.0000e+00
              stresses -9.5427e-05 0.0000e+00 0.0000e+00 -7.9189e-05 0.0000e+00 0.0000e+00 7.9986e-05 0.0000e+00
  GP  1.4  :  strains  -3.1809e-20 0.0000e+00 0.0000e+00 -1.4108e-10 0.0000e+00 0.0000e+00 6.3989e-38 0.0000e+00
              stresses -9.5427e-05 0.0000e+00 0.0000e+00 -1.6661e-05 0.0000e+00 0.0000e+00 7.9986e-05 0.0000e+00




	R E A C T I O N S  O U T P U T:
	_______________________________


	Node        1 iDof  3 reaction  3.5157e-05    [bc-id: 1]
	Node        3 iDof  5 reaction  0.0000e+00    [bc-id: 2]
	Node        5 iDof  3 reaction  4.1602e-05    [bc-id: 1]
	Node        6 iDof  1 reaction -7.9986e-05    [bc-id: 3]
	Node        6 iDof  3 reaction -9.5427e-05    [bc-id: 3]
	Node        6 iDof  5 reaction  2.3996e-04    [bc-id: 3]

User time consumed by solution step 3: 0.000 [s]


Finishing analysis on: Sun May 23 18:37:08 2021

Real time consumed: 000h:00m:00s
User time consumed: 000h:00m:00s


